\BOOKMARK [1][-]{section*.1}{\315ndice}{}% 1
\BOOKMARK [1][-]{section.1}{Contexto.}{}% 2
\BOOKMARK [2][-]{subsection.1.1}{Problema de las 8 reinas.}{section.1}% 3
\BOOKMARK [2][-]{subsection.1.2}{Problema planteado.}{section.1}% 4
\BOOKMARK [1][-]{section.2}{Solucionar las N-reinas empleando fuerza bruta.}{}% 5
\BOOKMARK [2][-]{subsection.2.1}{\277Cu\341nto se tarda en obtener la primera soluci\363n?}{section.2}% 6
\BOOKMARK [2][-]{subsection.2.2}{\277Cu\341nto se tardan en obtener soluciones subsecuentes?}{section.2}% 7
\BOOKMARK [1][-]{section.3}{Solucionar las N-reinas con Algoritmos Gen\351ticos.}{}% 8
\BOOKMARK [2][-]{subsection.3.1}{Codificaci\363n.}{section.3}% 9
\BOOKMARK [3][-]{subsubsection.3.1.1}{\277Qu\351 otras alternativas se han barajado y descartado?}{subsection.3.1}% 10
\BOOKMARK [3][-]{subsubsection.3.1.2}{\277Por qu\351 la codificaci\363n actual es mejor que las otras?}{subsection.3.1}% 11
\BOOKMARK [2][-]{subsection.3.2}{Funci\363n de fitness.}{section.3}% 12
\BOOKMARK [2][-]{subsection.3.3}{M\351todos implementados}{section.3}% 13
\BOOKMARK [3][-]{subsubsection.3.3.1}{Selecci\363n}{subsection.3.3}% 14
\BOOKMARK [3][-]{subsubsection.3.3.2}{Cruce}{subsection.3.3}% 15
\BOOKMARK [3][-]{subsubsection.3.3.3}{Mutaci\363n}{subsection.3.3}% 16
\BOOKMARK [3][-]{subsubsection.3.3.4}{Evaluaci\363n de la poblaci\363n: posibles soluciones}{subsection.3.3}% 17
\BOOKMARK [2][-]{subsection.3.4}{Parametrizaci\363n}{section.3}% 18
\BOOKMARK [2][-]{subsection.3.5}{Resultados}{section.3}% 19
\BOOKMARK [1][-]{section.4}{Ampliaci\363n}{}% 20
\BOOKMARK [2][-]{subsection.4.1}{Todas las soluciones}{section.4}% 21
\BOOKMARK [1][-]{section.5}{Conclusiones, Problemas Encontrados y Opiniones Personales}{}% 22
\BOOKMARK [2][-]{subsection.5.1}{Conclusiones}{section.5}% 23
\BOOKMARK [2][-]{subsection.5.2}{Problemas encontrados}{section.5}% 24
\BOOKMARK [2][-]{subsection.5.3}{Opiniones personales}{section.5}% 25
